<?xml version="1.0" encoding="UTF-8"?>
<robot generator="Robot 4.0.3 (Python 3.9.5 on win32)" generated="20210616 20:17:39.973" rpa="false" schemaversion="2">
<suite id="s1" name="Exercicio2" source="C:\Users\deise.peneluca\Desktop\Automacao\tests\exercicio2.robot">
<test id="s1-t1" name="Cenario: Aprendendo IF">
<for flavor="IN RANGE">
<var>${numero}</var>
<value>0</value>
<value>10</value>
<iter>
<var name="${numero}">0</var>
<if>
<branch type="IF" condition="${numero} == 5">
<kw name="Log To Console" library="BuiltIn">
<arg>Estou no número: ${numero}</arg>
<doc>Logs the given message to the console.</doc>
<status status="NOT RUN" starttime="20210616 20:17:40.002" endtime="20210616 20:17:40.003"/>
</kw>
<status status="NOT RUN" starttime="20210616 20:17:40.002" endtime="20210616 20:17:40.003"/>
</branch>
<branch type="ELSE IF" condition="${numero} == 8">
<kw name="Log To Console" library="BuiltIn">
<arg>Estou no número: ${numero}</arg>
<doc>Logs the given message to the console.</doc>
<status status="NOT RUN" starttime="20210616 20:17:40.003" endtime="20210616 20:17:40.003"/>
</kw>
<status status="NOT RUN" starttime="20210616 20:17:40.003" endtime="20210616 20:17:40.003"/>
</branch>
<status status="PASS" starttime="20210616 20:17:40.002" endtime="20210616 20:17:40.003"/>
</if>
<status status="PASS" starttime="20210616 20:17:40.002" endtime="20210616 20:17:40.003"/>
</iter>
<iter>
<var name="${numero}">1</var>
<if>
<branch type="IF" condition="${numero} == 5">
<kw name="Log To Console" library="BuiltIn">
<arg>Estou no número: ${numero}</arg>
<doc>Logs the given message to the console.</doc>
<status status="NOT RUN" starttime="20210616 20:17:40.003" endtime="20210616 20:17:40.003"/>
</kw>
<status status="NOT RUN" starttime="20210616 20:17:40.003" endtime="20210616 20:17:40.003"/>
</branch>
<branch type="ELSE IF" condition="${numero} == 8">
<kw name="Log To Console" library="BuiltIn">
<arg>Estou no número: ${numero}</arg>
<doc>Logs the given message to the console.</doc>
<status status="NOT RUN" starttime="20210616 20:17:40.003" endtime="20210616 20:17:40.003"/>
</kw>
<status status="NOT RUN" starttime="20210616 20:17:40.003" endtime="20210616 20:17:40.003"/>
</branch>
<status status="PASS" starttime="20210616 20:17:40.003" endtime="20210616 20:17:40.004"/>
</if>
<status status="PASS" starttime="20210616 20:17:40.003" endtime="20210616 20:17:40.004"/>
</iter>
<iter>
<var name="${numero}">2</var>
<if>
<branch type="IF" condition="${numero} == 5">
<kw name="Log To Console" library="BuiltIn">
<arg>Estou no número: ${numero}</arg>
<doc>Logs the given message to the console.</doc>
<status status="NOT RUN" starttime="20210616 20:17:40.004" endtime="20210616 20:17:40.004"/>
</kw>
<status status="NOT RUN" starttime="20210616 20:17:40.004" endtime="20210616 20:17:40.004"/>
</branch>
<branch type="ELSE IF" condition="${numero} == 8">
<kw name="Log To Console" library="BuiltIn">
<arg>Estou no número: ${numero}</arg>
<doc>Logs the given message to the console.</doc>
<status status="NOT RUN" starttime="20210616 20:17:40.004" endtime="20210616 20:17:40.004"/>
</kw>
<status status="NOT RUN" starttime="20210616 20:17:40.004" endtime="20210616 20:17:40.004"/>
</branch>
<status status="PASS" starttime="20210616 20:17:40.004" endtime="20210616 20:17:40.004"/>
</if>
<status status="PASS" starttime="20210616 20:17:40.004" endtime="20210616 20:17:40.004"/>
</iter>
<iter>
<var name="${numero}">3</var>
<if>
<branch type="IF" condition="${numero} == 5">
<kw name="Log To Console" library="BuiltIn">
<arg>Estou no número: ${numero}</arg>
<doc>Logs the given message to the console.</doc>
<status status="NOT RUN" starttime="20210616 20:17:40.004" endtime="20210616 20:17:40.004"/>
</kw>
<status status="NOT RUN" starttime="20210616 20:17:40.004" endtime="20210616 20:17:40.005"/>
</branch>
<branch type="ELSE IF" condition="${numero} == 8">
<kw name="Log To Console" library="BuiltIn">
<arg>Estou no número: ${numero}</arg>
<doc>Logs the given message to the console.</doc>
<status status="NOT RUN" starttime="20210616 20:17:40.005" endtime="20210616 20:17:40.005"/>
</kw>
<status status="NOT RUN" starttime="20210616 20:17:40.005" endtime="20210616 20:17:40.005"/>
</branch>
<status status="PASS" starttime="20210616 20:17:40.004" endtime="20210616 20:17:40.005"/>
</if>
<status status="PASS" starttime="20210616 20:17:40.004" endtime="20210616 20:17:40.005"/>
</iter>
<iter>
<var name="${numero}">4</var>
<if>
<branch type="IF" condition="${numero} == 5">
<kw name="Log To Console" library="BuiltIn">
<arg>Estou no número: ${numero}</arg>
<doc>Logs the given message to the console.</doc>
<status status="NOT RUN" starttime="20210616 20:17:40.005" endtime="20210616 20:17:40.005"/>
</kw>
<status status="NOT RUN" starttime="20210616 20:17:40.005" endtime="20210616 20:17:40.005"/>
</branch>
<branch type="ELSE IF" condition="${numero} == 8">
<kw name="Log To Console" library="BuiltIn">
<arg>Estou no número: ${numero}</arg>
<doc>Logs the given message to the console.</doc>
<status status="NOT RUN" starttime="20210616 20:17:40.006" endtime="20210616 20:17:40.006"/>
</kw>
<status status="NOT RUN" starttime="20210616 20:17:40.006" endtime="20210616 20:17:40.006"/>
</branch>
<status status="PASS" starttime="20210616 20:17:40.005" endtime="20210616 20:17:40.006"/>
</if>
<status status="PASS" starttime="20210616 20:17:40.005" endtime="20210616 20:17:40.006"/>
</iter>
<iter>
<var name="${numero}">5</var>
<if>
<branch type="IF" condition="${numero} == 5">
<kw name="Log To Console" library="BuiltIn">
<arg>Estou no número: ${numero}</arg>
<doc>Logs the given message to the console.</doc>
<status status="PASS" starttime="20210616 20:17:40.006" endtime="20210616 20:17:40.007"/>
</kw>
<status status="PASS" starttime="20210616 20:17:40.006" endtime="20210616 20:17:40.007"/>
</branch>
<branch type="ELSE IF" condition="${numero} == 8">
<kw name="Log To Console" library="BuiltIn">
<arg>Estou no número: ${numero}</arg>
<doc>Logs the given message to the console.</doc>
<status status="NOT RUN" starttime="20210616 20:17:40.007" endtime="20210616 20:17:40.007"/>
</kw>
<status status="NOT RUN" starttime="20210616 20:17:40.007" endtime="20210616 20:17:40.007"/>
</branch>
<status status="PASS" starttime="20210616 20:17:40.006" endtime="20210616 20:17:40.007"/>
</if>
<status status="PASS" starttime="20210616 20:17:40.006" endtime="20210616 20:17:40.007"/>
</iter>
<iter>
<var name="${numero}">6</var>
<if>
<branch type="IF" condition="${numero} == 5">
<kw name="Log To Console" library="BuiltIn">
<arg>Estou no número: ${numero}</arg>
<doc>Logs the given message to the console.</doc>
<status status="NOT RUN" starttime="20210616 20:17:40.008" endtime="20210616 20:17:40.008"/>
</kw>
<status status="NOT RUN" starttime="20210616 20:17:40.007" endtime="20210616 20:17:40.008"/>
</branch>
<branch type="ELSE IF" condition="${numero} == 8">
<kw name="Log To Console" library="BuiltIn">
<arg>Estou no número: ${numero}</arg>
<doc>Logs the given message to the console.</doc>
<status status="NOT RUN" starttime="20210616 20:17:40.008" endtime="20210616 20:17:40.008"/>
</kw>
<status status="NOT RUN" starttime="20210616 20:17:40.008" endtime="20210616 20:17:40.008"/>
</branch>
<status status="PASS" starttime="20210616 20:17:40.007" endtime="20210616 20:17:40.008"/>
</if>
<status status="PASS" starttime="20210616 20:17:40.007" endtime="20210616 20:17:40.008"/>
</iter>
<iter>
<var name="${numero}">7</var>
<if>
<branch type="IF" condition="${numero} == 5">
<kw name="Log To Console" library="BuiltIn">
<arg>Estou no número: ${numero}</arg>
<doc>Logs the given message to the console.</doc>
<status status="NOT RUN" starttime="20210616 20:17:40.008" endtime="20210616 20:17:40.008"/>
</kw>
<status status="NOT RUN" starttime="20210616 20:17:40.008" endtime="20210616 20:17:40.008"/>
</branch>
<branch type="ELSE IF" condition="${numero} == 8">
<kw name="Log To Console" library="BuiltIn">
<arg>Estou no número: ${numero}</arg>
<doc>Logs the given message to the console.</doc>
<status status="NOT RUN" starttime="20210616 20:17:40.008" endtime="20210616 20:17:40.008"/>
</kw>
<status status="NOT RUN" starttime="20210616 20:17:40.008" endtime="20210616 20:17:40.008"/>
</branch>
<status status="PASS" starttime="20210616 20:17:40.008" endtime="20210616 20:17:40.008"/>
</if>
<status status="PASS" starttime="20210616 20:17:40.008" endtime="20210616 20:17:40.008"/>
</iter>
<iter>
<var name="${numero}">8</var>
<if>
<branch type="IF" condition="${numero} == 5">
<kw name="Log To Console" library="BuiltIn">
<arg>Estou no número: ${numero}</arg>
<doc>Logs the given message to the console.</doc>
<status status="NOT RUN" starttime="20210616 20:17:40.008" endtime="20210616 20:17:40.008"/>
</kw>
<status status="NOT RUN" starttime="20210616 20:17:40.008" endtime="20210616 20:17:40.008"/>
</branch>
<branch type="ELSE IF" condition="${numero} == 8">
<kw name="Log To Console" library="BuiltIn">
<arg>Estou no número: ${numero}</arg>
<doc>Logs the given message to the console.</doc>
<status status="PASS" starttime="20210616 20:17:40.009" endtime="20210616 20:17:40.009"/>
</kw>
<status status="PASS" starttime="20210616 20:17:40.008" endtime="20210616 20:17:40.009"/>
</branch>
<status status="PASS" starttime="20210616 20:17:40.008" endtime="20210616 20:17:40.009"/>
</if>
<status status="PASS" starttime="20210616 20:17:40.008" endtime="20210616 20:17:40.009"/>
</iter>
<iter>
<var name="${numero}">9</var>
<if>
<branch type="IF" condition="${numero} == 5">
<kw name="Log To Console" library="BuiltIn">
<arg>Estou no número: ${numero}</arg>
<doc>Logs the given message to the console.</doc>
<status status="NOT RUN" starttime="20210616 20:17:40.010" endtime="20210616 20:17:40.010"/>
</kw>
<status status="NOT RUN" starttime="20210616 20:17:40.010" endtime="20210616 20:17:40.010"/>
</branch>
<branch type="ELSE IF" condition="${numero} == 8">
<kw name="Log To Console" library="BuiltIn">
<arg>Estou no número: ${numero}</arg>
<doc>Logs the given message to the console.</doc>
<status status="NOT RUN" starttime="20210616 20:17:40.010" endtime="20210616 20:17:40.010"/>
</kw>
<status status="NOT RUN" starttime="20210616 20:17:40.010" endtime="20210616 20:17:40.010"/>
</branch>
<status status="PASS" starttime="20210616 20:17:40.009" endtime="20210616 20:17:40.010"/>
</if>
<status status="PASS" starttime="20210616 20:17:40.009" endtime="20210616 20:17:40.010"/>
</iter>
<status status="PASS" starttime="20210616 20:17:40.002" endtime="20210616 20:17:40.010"/>
</for>
<tag>TESTESS</tag>
<status status="PASS" starttime="20210616 20:17:40.001" endtime="20210616 20:17:40.010"/>
</test>
<doc>Aqui estarão todos os exercicios do Prime Experts
focado na imersão com Robot</doc>
<status status="PASS" starttime="20210616 20:17:39.975" endtime="20210616 20:17:40.011"/>
</suite>
<statistics>
<total>
<stat pass="1" fail="0" skip="0">All Tests</stat>
</total>
<tag>
<stat pass="1" fail="0" skip="0">TESTESS</stat>
</tag>
<suite>
<stat pass="1" fail="0" skip="0" id="s1" name="Exercicio2">Exercicio2</stat>
</suite>
</statistics>
<errors>
</errors>
</robot>
