<?xml version="1.0" encoding="UTF-8"?>
<robot generator="Robot 4.0.3 (Python 3.9.5 on win32)" generated="20210616 22:11:59.333" rpa="false" schemaversion="2">
<suite id="s1" name="Webautomation" source="C:\Users\deise.peneluca\Desktop\Automacao\tests\webautomation.robot">
<test id="s1-t1" name="Caso de Teste 01: Pesquisar produto existente">
<kw name="Abrir o navegador" library="keywords_automation" type="SETUP">
<kw name="Open Browser" library="SeleniumLibrary">
<arg>browser=${BROWSER}</arg>
<doc>Opens a new browser instance to the optional ``url``.</doc>
<msg timestamp="20210616 22:11:59.564" level="INFO">Opening browser 'chrome' to base url 'None'.</msg>
<status status="PASS" starttime="20210616 22:11:59.564" endtime="20210616 22:12:02.130"/>
</kw>
<kw name="Maximize Browser Window" library="SeleniumLibrary">
<doc>Maximizes current browser window.</doc>
<status status="PASS" starttime="20210616 22:12:02.130" endtime="20210616 22:12:02.288"/>
</kw>
<status status="PASS" starttime="20210616 22:11:59.563" endtime="20210616 22:12:02.289"/>
</kw>
<kw name="Acessar a página home do site Automation Practice" library="keywords_automation">
<kw name="Go To" library="SeleniumLibrary">
<arg>${URL}</arg>
<doc>Navigates the current browser window to the provided ``url``.</doc>
<msg timestamp="20210616 22:12:02.290" level="INFO">Opening url 'http://automationpractice.com'</msg>
<status status="PASS" starttime="20210616 22:12:02.290" endtime="20210616 22:12:09.890"/>
</kw>
<kw name="Wait Until Element Is Visible" library="SeleniumLibrary">
<arg>xpath=//*[@id="block_top_menu"]/ul</arg>
<doc>Waits until the element ``locator`` is visible.</doc>
<status status="PASS" starttime="20210616 22:12:09.891" endtime="20210616 22:12:09.931"/>
</kw>
<kw name="Title Should Be" library="SeleniumLibrary">
<arg>My Store</arg>
<doc>Verifies that the current page title equals ``title``.</doc>
<msg timestamp="20210616 22:12:09.938" level="INFO">Page title is 'My Store'.</msg>
<status status="PASS" starttime="20210616 22:12:09.931" endtime="20210616 22:12:09.938"/>
</kw>
<status status="PASS" starttime="20210616 22:12:02.289" endtime="20210616 22:12:09.939"/>
</kw>
<kw name="Digitar o nome do produto &quot;Blouse&quot; no campo de pesquisa" library="keywords_automation" sourcename="Digitar o nome do produto &quot;${PRODUTO}&quot; no campo de pesquisa">
<kw name="Input Text" library="SeleniumLibrary">
<arg>name=search_query</arg>
<arg>${PRODUTO}</arg>
<doc>Types the given ``text`` into the text field identified by ``locator``.</doc>
<msg timestamp="20210616 22:12:09.941" level="INFO">Typing text 'Blouse' into text field 'name=search_query'.</msg>
<status status="PASS" starttime="20210616 22:12:09.940" endtime="20210616 22:12:10.085"/>
</kw>
<kw name="Capture Page Screenshot" library="SeleniumLibrary">
<doc>Takes a screenshot of the current page and embeds it into a log file.</doc>
<msg timestamp="20210616 22:12:10.678" level="INFO" html="true">&lt;/td&gt;&lt;/tr&gt;&lt;tr&gt;&lt;td colspan="3"&gt;&lt;a href="selenium-screenshot-1.png"&gt;&lt;img src="selenium-screenshot-1.png" width="800px"&gt;&lt;/a&gt;</msg>
<status status="PASS" starttime="20210616 22:12:10.085" endtime="20210616 22:12:10.678"/>
</kw>
<status status="PASS" starttime="20210616 22:12:09.940" endtime="20210616 22:12:10.678"/>
</kw>
<kw name="Clicar no botão pesquisar" library="keywords_automation">
<kw name="Click Element" library="SeleniumLibrary">
<arg>name=submit_search</arg>
<doc>Click the element identified by ``locator``.</doc>
<msg timestamp="20210616 22:12:10.680" level="INFO">Clicking element 'name=submit_search'.</msg>
<status status="PASS" starttime="20210616 22:12:10.680" endtime="20210616 22:12:14.171"/>
</kw>
<kw name="Capture Page Screenshot" library="SeleniumLibrary">
<doc>Takes a screenshot of the current page and embeds it into a log file.</doc>
<msg timestamp="20210616 22:12:14.440" level="INFO" html="true">&lt;/td&gt;&lt;/tr&gt;&lt;tr&gt;&lt;td colspan="3"&gt;&lt;a href="selenium-screenshot-2.png"&gt;&lt;img src="selenium-screenshot-2.png" width="800px"&gt;&lt;/a&gt;</msg>
<status status="PASS" starttime="20210616 22:12:14.171" endtime="20210616 22:12:14.441"/>
</kw>
<status status="PASS" starttime="20210616 22:12:10.679" endtime="20210616 22:12:14.441"/>
</kw>
<kw name="Conferir se o produto &quot;Blouse&quot; foi listado no site" library="keywords_automation" sourcename="Conferir se o produto &quot;${PRODUTO}&quot; foi listado no site">
<kw name="Wait Until Element Is Visible" library="SeleniumLibrary">
<arg>xpath=//*[@id="center_column"]/h1</arg>
<doc>Waits until the element ``locator`` is visible.</doc>
<status status="PASS" starttime="20210616 22:12:14.443" endtime="20210616 22:12:14.487"/>
</kw>
<kw name="Title Should Be" library="SeleniumLibrary">
<arg>Search - My Store</arg>
<doc>Verifies that the current page title equals ``title``.</doc>
<msg timestamp="20210616 22:12:14.498" level="INFO">Page title is 'Search - My Store'.</msg>
<status status="PASS" starttime="20210616 22:12:14.488" endtime="20210616 22:12:14.498"/>
</kw>
<kw name="Page Should Contain Image" library="SeleniumLibrary">
<arg>xpath=//*[@id="center_column"]//*[@src="${URL}/img/p/7/7-home_default.jpg"]</arg>
<doc>Verifies image identified by ``locator`` is found from current page.</doc>
<msg timestamp="20210616 22:12:14.520" level="INFO">Current page contains image 'xpath=//*[@id="center_column"]//*[@src="http://automationpractice.com/img/p/7/7-home_default.jpg"]'.</msg>
<status status="PASS" starttime="20210616 22:12:14.499" endtime="20210616 22:12:14.520"/>
</kw>
<kw name="Page Should Contain Link" library="SeleniumLibrary">
<arg>xpath=//*[@id="center_column"]//*[@class="product-name"][contains(text(), "${PRODUTO}")]</arg>
<doc>Verifies link identified by ``locator`` is found from current page.</doc>
<msg timestamp="20210616 22:12:14.542" level="INFO">Current page contains link 'xpath=//*[@id="center_column"]//*[@class="product-name"][contains(text(), "Blouse")]'.</msg>
<status status="PASS" starttime="20210616 22:12:14.520" endtime="20210616 22:12:14.542"/>
</kw>
<status status="PASS" starttime="20210616 22:12:14.442" endtime="20210616 22:12:14.543"/>
</kw>
<kw name="Fechar o navegador" library="keywords_automation" type="TEARDOWN">
<kw name="Close Browser" library="SeleniumLibrary">
<doc>Closes the current browser.</doc>
<status status="PASS" starttime="20210616 22:12:14.544" endtime="20210616 22:12:16.785"/>
</kw>
<status status="PASS" starttime="20210616 22:12:14.543" endtime="20210616 22:12:16.785"/>
</kw>
<status status="PASS" starttime="20210616 22:11:59.563" endtime="20210616 22:12:16.787"/>
</test>
<doc>Neste arquivo estarão presentes nossos primeiros fluxos
de automação web e seus respectivos cenários automatizados.</doc>
<status status="PASS" starttime="20210616 22:11:59.335" endtime="20210616 22:12:16.794"/>
</suite>
<statistics>
<total>
<stat pass="1" fail="0" skip="0">All Tests</stat>
</total>
<tag>
</tag>
<suite>
<stat pass="1" fail="0" skip="0" id="s1" name="Webautomation">Webautomation</stat>
</suite>
</statistics>
<errors>
</errors>
</robot>
