<?xml version="1.0" encoding="UTF-8"?>
<robot generator="Robot 4.0.3 (Python 3.9.5 on win32)" generated="20210621 00:31:50.657" rpa="false" schemaversion="2">
<suite id="s1" name="Tests" source="C:\Users\deise.peneluca\Desktop\Automacao\web-tests\tests\tests.robot">
<test id="s1-t1" name="Cenario: Caso de teste 2 - Pesquisar produto não existente">
<kw name="Abrir navegador" library="keywordsDesafio1" type="SETUP">
<kw name="Open Browser" library="SeleniumLibrary">
<arg>browser=${BROWSER}</arg>
<doc>Opens a new browser instance to the optional ``url``.</doc>
<msg timestamp="20210621 00:31:50.861" level="INFO">Opening browser 'chrome' to base url 'None'.</msg>
<status status="PASS" starttime="20210621 00:31:50.860" endtime="20210621 00:31:52.659"/>
</kw>
<kw name="Maximize Browser Window" library="SeleniumLibrary">
<doc>Maximizes current browser window.</doc>
<status status="PASS" starttime="20210621 00:31:52.660" endtime="20210621 00:31:52.885"/>
</kw>
<status status="PASS" starttime="20210621 00:31:50.860" endtime="20210621 00:31:52.887"/>
</kw>
<kw name="Dado que acesso a home do site automationpractice" library="keywordsDesafio1">
<msg timestamp="20210621 00:31:52.890" level="FAIL">Keyword with same name defined multiple times.</msg>
<status status="FAIL" starttime="20210621 00:31:52.889" endtime="20210621 00:31:52.891"/>
</kw>
<kw name="And busco um produto no campo de pesquisa" library="keywordsDesafio1">
<status status="NOT RUN" starttime="20210621 00:31:52.892" endtime="20210621 00:31:52.893"/>
</kw>
<kw name="Então a página retorna a mensagem &quot;No results were found for your search&quot;" library="keywordsDesafio1">
<status status="NOT RUN" starttime="20210621 00:31:52.893" endtime="20210621 00:31:52.894"/>
</kw>
<kw name="Fechar o navegador" library="keywordsDesafio1" type="TEARDOWN">
<kw name="Close Browser" library="SeleniumLibrary">
<doc>Closes the current browser.</doc>
<status status="PASS" starttime="20210621 00:31:52.905" endtime="20210621 00:31:55.247"/>
</kw>
<status status="PASS" starttime="20210621 00:31:52.900" endtime="20210621 00:31:55.247"/>
</kw>
<status status="FAIL" starttime="20210621 00:31:50.859" endtime="20210621 00:31:55.248">Keyword with same name defined multiple times.</status>
</test>
<test id="s1-t2" name="Cenario: Caso de teste 3 - Listar Produtos">
<kw name="Abrir navegador" library="keywordsDesafio1" type="SETUP">
<kw name="Open Browser" library="SeleniumLibrary">
<arg>browser=${BROWSER}</arg>
<doc>Opens a new browser instance to the optional ``url``.</doc>
<msg timestamp="20210621 00:31:55.251" level="INFO">Opening browser 'chrome' to base url 'None'.</msg>
<status status="PASS" starttime="20210621 00:31:55.250" endtime="20210621 00:31:56.969"/>
</kw>
<kw name="Maximize Browser Window" library="SeleniumLibrary">
<doc>Maximizes current browser window.</doc>
<status status="PASS" starttime="20210621 00:31:56.969" endtime="20210621 00:31:57.118"/>
</kw>
<status status="PASS" starttime="20210621 00:31:55.250" endtime="20210621 00:31:57.118"/>
</kw>
<kw name="Dado que acesso a home do site automationpractice" library="keywordsDesafio1">
<msg timestamp="20210621 00:31:57.122" level="FAIL">Keyword with same name defined multiple times.</msg>
<status status="FAIL" starttime="20210621 00:31:57.121" endtime="20210621 00:31:57.122"/>
</kw>
<kw name="And acesso a categoria &quot;Women&quot;" library="keywordsDesafio1">
<status status="NOT RUN" starttime="20210621 00:31:57.124" endtime="20210621 00:31:57.125"/>
</kw>
<kw name="And acesso a sub categoria &quot;Summer Dresses&quot;" library="keywordsDesafio1">
<status status="NOT RUN" starttime="20210621 00:31:57.126" endtime="20210621 00:31:57.127"/>
</kw>
<kw name="Então o sistema exibe os produtos da sub categoria" library="keywordsDesafio1">
<status status="NOT RUN" starttime="20210621 00:31:57.127" endtime="20210621 00:31:57.127"/>
</kw>
<kw name="Fechar o navegador" library="keywordsDesafio1" type="TEARDOWN">
<kw name="Close Browser" library="SeleniumLibrary">
<doc>Closes the current browser.</doc>
<status status="PASS" starttime="20210621 00:31:57.131" endtime="20210621 00:31:59.472"/>
</kw>
<status status="PASS" starttime="20210621 00:31:57.128" endtime="20210621 00:31:59.473"/>
</kw>
<status status="FAIL" starttime="20210621 00:31:55.250" endtime="20210621 00:31:59.475">Keyword with same name defined multiple times.</status>
</test>
<test id="s1-t3" name="Cenario: Caso de teste 4 - Adicionar Cliente">
<kw name="Abrir navegador" library="keywordsDesafio1" type="SETUP">
<kw name="Open Browser" library="SeleniumLibrary">
<arg>browser=${BROWSER}</arg>
<doc>Opens a new browser instance to the optional ``url``.</doc>
<msg timestamp="20210621 00:31:59.488" level="INFO">Opening browser 'chrome' to base url 'None'.</msg>
<status status="PASS" starttime="20210621 00:31:59.485" endtime="20210621 00:32:01.160"/>
</kw>
<kw name="Maximize Browser Window" library="SeleniumLibrary">
<doc>Maximizes current browser window.</doc>
<status status="PASS" starttime="20210621 00:32:01.161" endtime="20210621 00:32:01.347"/>
</kw>
<status status="PASS" starttime="20210621 00:31:59.484" endtime="20210621 00:32:01.349"/>
</kw>
<kw name="Dado que acesso a home do site automationpractice" library="keywordsDesafio1">
<msg timestamp="20210621 00:32:01.360" level="FAIL">Keyword with same name defined multiple times.</msg>
<status status="FAIL" starttime="20210621 00:32:01.359" endtime="20210621 00:32:01.360"/>
</kw>
<kw name="And crio uma conta preenchendo os dados obrigatórios" library="keywordsDesafio1">
<status status="NOT RUN" starttime="20210621 00:32:01.363" endtime="20210621 00:32:01.363"/>
</kw>
<kw name="Fechar o navegador" library="keywordsDesafio1" type="TEARDOWN">
<kw name="Close Browser" library="SeleniumLibrary">
<doc>Closes the current browser.</doc>
<status status="PASS" starttime="20210621 00:32:01.370" endtime="20210621 00:32:03.717"/>
</kw>
<status status="PASS" starttime="20210621 00:32:01.366" endtime="20210621 00:32:03.717"/>
</kw>
<status status="FAIL" starttime="20210621 00:31:59.481" endtime="20210621 00:32:03.719">Keyword with same name defined multiple times.</status>
</test>
<doc>Scripts automatizados web do Desafio Final Web Testing</doc>
<status status="FAIL" starttime="20210621 00:31:50.658" endtime="20210621 00:32:03.726"/>
</suite>
<statistics>
<total>
<stat pass="0" fail="3" skip="0">All Tests</stat>
</total>
<tag>
</tag>
<suite>
<stat pass="0" fail="3" skip="0" id="s1" name="Tests">Tests</stat>
</suite>
</statistics>
<errors>
<msg timestamp="20210621 00:31:50.680" level="ERROR">Error in resource file 'C:\Users\deise.peneluca\Desktop\Automacao\web-tests\resources\keywordsDesafio1.robot': Creating keyword 'Dado que acesso a home do site automationpractice' failed: Keyword with same name defined multiple times.</msg>
<msg timestamp="20210621 00:31:50.681" level="ERROR">Error in resource file 'C:\Users\deise.peneluca\Desktop\Automacao\web-tests\resources\keywordsDesafio1.robot': Creating keyword 'Dado que acesso a home do site automationpractice' failed: Keyword with same name defined multiple times.</msg>
</errors>
</robot>
